2025-11-17T15:32:15:  тип [Error: Cannot find module '/Users/pegasus/Documents/argos/_project/status-verify/verify-incidents/.next/standalone/status-verify/verify-incidents/.next/server/middleware-manifest.json'
Require stack:
- /Users/pegasus/Documents/argos/_project/status-verify/verify-incidents/.next/standalone/status-verify/verify-incidents/node_modules/next/dist/server/next-server.js
- /Users/pegasus/Documents/argos/_project/status-verify/verify-incidents/.next/standalone/status-verify/verify-incidents/node_modules/next/dist/server/next.js
- /Users/pegasus/Documents/argos/_project/status-verify/verify-incidents/.next/standalone/status-verify/verify-incidents/server.js] {
  code: 'MODULE_NOT_FOUND',
  requireStack: [Array]
}
2025-11-17T15:32:15:  тип [Error: Cannot find module '/Users/pegasus/Documents/argos/_project/status-verify/verify-incidents/.next/standalone/status-verify/verify-incidents/.next/server/middleware-manifest.json'
Require stack:
- /Users/pegasus/Documents/argos/_project/status-verify/verify-incidents/.next/standalone/status-verify/verify-incidents/node_modules/next/dist/server/next-server.js
- /Users/pegasus/Documents/argos/_project/status-verify/verify-incidents/.next/standalone/status-verify/verify-incidents/node_modules/next/dist/server/next.js
- /Users/pegasus/Documents/argos/_project/status-verify/verify-incidents/.next/standalone/status-verify/verify-incidents/server.js] {
  code: 'MODULE_NOT_FOUND',
  requireStack: [Array]
}
2025-11-18T11:52:04:  тип [Error: Cannot find module '/Users/pegasus/Documents/argos/_project/status-verify/verify-incidents/.next/standalone/status-verify/verify-incidents/.next/server/middleware-manifest.json'
Require stack:
- /Users/pegasus/Documents/argos/_project/status-verify/verify-incidents/.next/standalone/status-verify/verify-incidents/node_modules/next/dist/server/next-server.js
- /Users/pegasus/Documents/argos/_project/status-verify/verify-incidents/.next/standalone/status-verify/verify-incidents/node_modules/next/dist/server/next.js
- /Users/pegasus/Documents/argos/_project/status-verify/verify-incidents/.next/standalone/status-verify/verify-incidents/server.js] {
  code: 'MODULE_NOT_FOUND',
  requireStack: [Array]
}
2025-11-18T11:52:04:  тип [Error: Cannot find module '/Users/pegasus/Documents/argos/_project/status-verify/verify-incidents/.next/standalone/status-verify/verify-incidents/.next/server/middleware-manifest.json'
Require stack:
- /Users/pegasus/Documents/argos/_project/status-verify/verify-incidents/.next/standalone/status-verify/verify-incidents/node_modules/next/dist/server/next-server.js
- /Users/pegasus/Documents/argos/_project/status-verify/verify-incidents/.next/standalone/status-verify/verify-incidents/node_modules/next/dist/server/next.js
- /Users/pegasus/Documents/argos/_project/status-verify/verify-incidents/.next/standalone/status-verify/verify-incidents/server.js] {
  code: 'MODULE_NOT_FOUND',
  requireStack: [Array]
}
